\BOOKMARK [1][-]{section.1}{Project Drivers}{}% 1
\BOOKMARK [2][-]{subsection.1.1}{The Purpose of the Project}{section.1}% 2
\BOOKMARK [2][-]{subsection.1.2}{The Stakeholders and Users}{section.1}% 3
\BOOKMARK [1][-]{section.2}{Project Constraints}{}% 4
\BOOKMARK [2][-]{subsection.2.1}{Mandated Constraints}{section.2}% 5
\BOOKMARK [2][-]{subsection.2.2}{Naming Conventions and Terminology}{section.2}% 6
\BOOKMARK [2][-]{subsection.2.3}{Relevant Facts and Assumptions}{section.2}% 7
\BOOKMARK [1][-]{section.3}{Functional Requirements}{}% 8
\BOOKMARK [2][-]{subsection.3.1}{The Scope of the Work}{section.3}% 9
\BOOKMARK [2][-]{subsection.3.2}{Business Data Model and Data Dictionary}{section.3}% 10
\BOOKMARK [2][-]{subsection.3.3}{The Scope of the Product}{section.3}% 11
\BOOKMARK [2][-]{subsection.3.4}{Functional Requirements}{section.3}% 12
\BOOKMARK [1][-]{section.4}{Non-functional Requirements}{}% 13
\BOOKMARK [2][-]{subsection.4.1}{Look and Feel Requirements}{section.4}% 14
\BOOKMARK [2][-]{subsection.4.2}{Usability and Humanity Requirements}{section.4}% 15
\BOOKMARK [2][-]{subsection.4.3}{Performance Requirements}{section.4}% 16
\BOOKMARK [2][-]{subsection.4.4}{Operational and Envrionmental Requirements}{section.4}% 17
\BOOKMARK [2][-]{subsection.4.5}{Maintainability and Support Requirements}{section.4}% 18
\BOOKMARK [2][-]{subsection.4.6}{Security Requirements}{section.4}% 19
\BOOKMARK [2][-]{subsection.4.7}{Cultural Requirements}{section.4}% 20
